# JRE version: OpenJDK Runtime Environment (8.0_222-b10) (build 1.8.0_222-8u222-b10-1ubuntu1~18.04.1-b10)
# Java VM: OpenJDK 64-Bit Server VM (25.222-b10 mixed mode linux-amd64 compressed oops)
Heap:
 PSYoungGen      total 363520K, used 53748K [0x00000000e0000000, 0x00000000f9780000, 0x0000000100000000)
  eden space 309760K, 0% used [0x00000000e0000000,0x00000000e0000000,0x00000000f2e80000)
  from space 53760K, 99% used [0x00000000f2e80000,0x00000000f62fd3e8,0x00000000f6300000)
  to   space 47104K, 0% used [0x00000000f6980000,0x00000000f6980000,0x00000000f9780000)
 ParOldGen       total 280064K, used 165088K [0x00000000a0000000, 0x00000000b1180000, 0x00000000e0000000)
  object space 280064K, 58% used [0x00000000a0000000,0x00000000aa1381e8,0x00000000b1180000)
 Metaspace       used 87848K, capacity 91262K, committed 91480K, reserved 1128448K
  class space    used 11632K, capacity 12308K, committed 12416K, reserved 1048576K
GC Heap History (10 events):
Event: 12.923 GC heap after
Heap after GC invocations=14 (full 3):
 PSYoungGen      total 269824K, used 22032K [0x00000000e0000000, 0x00000000f5700000, 0x0000000100000000)
  eden space 247296K, 0% used [0x00000000e0000000,0x00000000e0000000,0x00000000ef180000)
  from space 22528K, 97% used [0x00000000ef180000,0x00000000f0704218,0x00000000f0780000)
  to   space 25600K, 0% used [0x00000000f3e00000,0x00000000f3e00000,0x00000000f5700000)
 ParOldGen       total 127488K, used 33486K [0x00000000a0000000, 0x00000000a7c80000, 0x00000000e0000000)
  object space 127488K, 26% used [0x00000000a0000000,0x00000000a20b3988,0x00000000a7c80000)
 Metaspace       used 63254K, capacity 65258K, committed 65368K, reserved 1105920K
  class space    used 8556K, capacity 9024K, committed 9088K, reserved 1048576K
}
Event: 15.810 GC heap before
{Heap before GC invocations=15 (full 3):
 PSYoungGen      total 269824K, used 269328K [0x00000000e0000000, 0x00000000f5700000, 0x0000000100000000)
  eden space 247296K, 100% used [0x00000000e0000000,0x00000000ef180000,0x00000000ef180000)
  from space 22528K, 97% used [0x00000000ef180000,0x00000000f0704218,0x00000000f0780000)
  to   space 25600K, 0% used [0x00000000f3e00000,0x00000000f3e00000,0x00000000f5700000)
 ParOldGen       total 127488K, used 33486K [0x00000000a0000000, 0x00000000a7c80000, 0x00000000e0000000)
  object space 127488K, 26% used [0x00000000a0000000,0x00000000a20b3988,0x00000000a7c80000)
 Metaspace       used 68451K, capacity 70784K, committed 71000K, reserved 1110016K
  class space    used 9358K, capacity 9831K, committed 9856K, reserved 1048576K
Event: 15.925 GC heap after
Heap after GC invocations=15 (full 3):
 PSYoungGen      total 294912K, used 25587K [0x00000000e0000000, 0x00000000f9980000, 0x0000000100000000)
  eden space 269312K, 0% used [0x00000000e0000000,0x00000000e0000000,0x00000000f0700000)
  from space 25600K, 99% used [0x00000000f3e00000,0x00000000f56fcff0,0x00000000f5700000)
  to   space 56320K, 0% used [0x00000000f0700000,0x00000000f0700000,0x00000000f3e00000)
 ParOldGen       total 127488K, used 105975K [0x00000000a0000000, 0x00000000a7c80000, 0x00000000e0000000)
  object space 127488K, 83% used [0x00000000a0000000,0x00000000a677dc58,0x00000000a7c80000)
 Metaspace       used 68451K, capacity 70784K, committed 71000K, reserved 1110016K
  class space    used 9358K, capacity 9831K, committed 9856K, reserved 1048576K
}
Event: 15.925 GC heap before
{Heap before GC invocations=16 (full 4):
 PSYoungGen      total 294912K, used 25587K [0x00000000e0000000, 0x00000000f9980000, 0x0000000100000000)
  eden space 269312K, 0% used [0x00000000e0000000,0x00000000e0000000,0x00000000f0700000)
  from space 25600K, 99% used [0x00000000f3e00000,0x00000000f56fcff0,0x00000000f5700000)
  to   space 56320K, 0% used [0x00000000f0700000,0x00000000f0700000,0x00000000f3e00000)
 ParOldGen       total 127488K, used 105975K [0x00000000a0000000, 0x00000000a7c80000, 0x00000000e0000000)
  object space 127488K, 83% used [0x00000000a0000000,0x00000000a677dc58,0x00000000a7c80000)
 Metaspace       used 68451K, capacity 70784K, committed 71000K, reserved 1110016K
  class space    used 9358K, capacity 9831K, committed 9856K, reserved 1048576K
Event: 16.403 GC heap after
Heap after GC invocations=16 (full 4):
 PSYoungGen      total 294912K, used 0K [0x00000000e0000000, 0x00000000f9980000, 0x0000000100000000)
  eden space 269312K, 0% used [0x00000000e0000000,0x00000000e0000000,0x00000000f0700000)
  from space 25600K, 0% used [0x00000000f3e00000,0x00000000f3e00000,0x00000000f5700000)
  to   space 56320K, 0% used [0x00000000f0700000,0x00000000f0700000,0x00000000f3e00000)
 ParOldGen       total 280064K, used 125896K [0x00000000a0000000, 0x00000000b1180000, 0x00000000e0000000)
  object space 280064K, 44% used [0x00000000a0000000,0x00000000a7af22c0,0x00000000b1180000)
 Metaspace       used 68409K, capacity 70656K, committed 71000K, reserved 1110016K
  class space    used 9344K, capacity 9807K, committed 9856K, reserved 1048576K
}
Event: 107.960 GC heap before
{Heap before GC invocations=17 (full 4):
 PSYoungGen      total 294912K, used 269312K [0x00000000e0000000, 0x00000000f9980000, 0x0000000100000000)
  eden space 269312K, 100% used [0x00000000e0000000,0x00000000f0700000,0x00000000f0700000)
  from space 25600K, 0% used [0x00000000f3e00000,0x00000000f3e00000,0x00000000f5700000)
  to   space 56320K, 0% used [0x00000000f0700000,0x00000000f0700000,0x00000000f3e00000)
 ParOldGen       total 280064K, used 125896K [0x00000000a0000000, 0x00000000b1180000, 0x00000000e0000000)
  object space 280064K, 44% used [0x00000000a0000000,0x00000000a7af22c0,0x00000000b1180000)
 Metaspace       used 76051K, capacity 78962K, committed 79192K, reserved 1118208K
  class space    used 10244K, capacity 10834K, committed 10880K, reserved 1048576K
Event: 107.978 GC heap after
Heap after GC invocations=17 (full 4):
 PSYoungGen      total 325632K, used 11502K [0x00000000e0000000, 0x00000000f9e80000, 0x0000000100000000)
  eden space 269312K, 0% used [0x00000000e0000000,0x00000000e0000000,0x00000000f0700000)
  from space 56320K, 20% used [0x00000000f0700000,0x00000000f123b9e0,0x00000000f3e00000)
  to   space 54272K, 0% used [0x00000000f6980000,0x00000000f6980000,0x00000000f9e80000)
 ParOldGen       total 280064K, used 125904K [0x00000000a0000000, 0x00000000b1180000, 0x00000000e0000000)
  object space 280064K, 44% used [0x00000000a0000000,0x00000000a7af42c0,0x00000000b1180000)
 Metaspace       used 76051K, capacity 78962K, committed 79192K, reserved 1118208K
  class space    used 10244K, capacity 10834K, committed 10880K, reserved 1048576K
}
Event: 115.436 GC heap before
{Heap before GC invocations=18 (full 4):
 PSYoungGen      total 325632K, used 276778K [0x00000000e0000000, 0x00000000f9e80000, 0x0000000100000000)
  eden space 269312K, 98% used [0x00000000e0000000,0x00000000f030f0f0,0x00000000f0700000)
  from space 56320K, 20% used [0x00000000f0700000,0x00000000f123b9e0,0x00000000f3e00000)
  to   space 54272K, 0% used [0x00000000f6980000,0x00000000f6980000,0x00000000f9e80000)
 ParOldGen       total 280064K, used 125904K [0x00000000a0000000, 0x00000000b1180000, 0x00000000e0000000)
  object space 280064K, 44% used [0x00000000a0000000,0x00000000a7af42c0,0x00000000b1180000)
 Metaspace       used 84101K, capacity 87246K, committed 87384K, reserved 1124352K
  class space    used 11217K, capacity 11852K, committed 11904K, reserved 1048576K
Event: 115.477 GC heap after
Heap after GC invocations=18 (full 4):
 PSYoungGen      total 356864K, used 27757K [0x00000000e0000000, 0x00000000f9780000, 0x0000000100000000)
  eden space 309760K, 0% used [0x00000000e0000000,0x00000000e0000000,0x00000000f2e80000)
  from space 47104K, 58% used [0x00000000f6980000,0x00000000f849b760,0x00000000f9780000)
  to   space 53760K, 0% used [0x00000000f2e80000,0x00000000f2e80000,0x00000000f6300000)
 ParOldGen       total 280064K, used 125912K [0x00000000a0000000, 0x00000000b1180000, 0x00000000e0000000)
  object space 280064K, 44% used [0x00000000a0000000,0x00000000a7af62c0,0x00000000b1180000)
 Metaspace       used 84101K, capacity 87246K, committed 87384K, reserved 1124352K
  class space    used 11217K, capacity 11852K, committed 11904K, reserved 1048576K
}
Event: 119.322 GC heap before
{Heap before GC invocations=19 (full 4):
 PSYoungGen      total 356864K, used 337517K [0x00000000e0000000, 0x00000000f9780000, 0x0000000100000000)
  eden space 309760K, 100% used [0x00000000e0000000,0x00000000f2e80000,0x00000000f2e80000)
  from space 47104K, 58% used [0x00000000f6980000,0x00000000f849b760,0x00000000f9780000)
  to   space 53760K, 0% used [0x00000000f2e80000,0x00000000f2e80000,0x00000000f6300000)
 ParOldGen       total 280064K, used 125912K [0x00000000a0000000, 0x00000000b1180000, 0x00000000e0000000)
  object space 280064K, 44% used [0x00000000a0000000,0x00000000a7af62c0,0x00000000b1180000)
 Metaspace       used 87848K, capacity 91262K, committed 91480K, reserved 1128448K
  class space    used 11632K, capacity 12308K, committed 12416K, reserved 1048576K

